[INFO]  T E S T S
[INFO] -------------------------------------------------------
[INFO] Running some.project.thing.ThingTest
[ERROR] Tests run: 2, Failures: 1, Errors: 0, Skipped: 0, Time elapsed: 1.007 s <<< FAILURE! - in some.project.thing.ThingTest
[ERROR] animate  Time elapsed: 0.083 s  <<< FAILURE!
org.mockito.exceptions.verification.WantedButNotInvoked: 

Wanted but not invoked:
publisher.publish(
    EventDTO(user=123, source=swiss)
);
-> at some.project.thing.ThingTest.animate(ThingTest.java:34)
Actually, there were zero interactions with this mock.

	at some.project.thing.ThingTest.animate(ThingTest.java:34)
[INFO] BUILD FAILURE
